<?xml version="1.0" encoding="UTF-8"?>
<!-- Generated by org.testng.reporters.JUnitReportReporter -->
<testsuite hostname="DESKTOP-D3PS3F0" failures="0" tests="2" name="TestingWithMaven.AppiumTest" time="0.020" errors="0" timestamp="28 Apr 2019 19:23:38 GMT" skipped="0">
  <testcase classname="TestingWithMaven.AppiumTest" name="Method4" time="0.005"/>
  <testcase classname="TestingWithMaven.AppiumTest" name="Method3" time="0.015"/>
</testsuite> <!-- TestingWithMaven.AppiumTest -->
