<?xml version="1.0" encoding="UTF-8"?>
<!-- Generated by org.testng.reporters.JUnitReportReporter -->
<testsuite hostname="DESKTOP-D3PS3F0" failures="0" tests="2" name="TestingWithMaven.APITest" time="0.006" errors="0" timestamp="28 Apr 2019 19:23:38 GMT" skipped="0">
  <testcase classname="TestingWithMaven.APITest" name="Method2" time="0.002"/>
  <testcase classname="TestingWithMaven.APITest" name="Method1" time="0.004"/>
</testsuite> <!-- TestingWithMaven.APITest -->
