<?xml version="1.0" encoding="UTF-8"?>
<!-- Generated by org.testng.reporters.JUnitReportReporter -->
<testsuite hostname="DESKTOP-D3PS3F0" failures="0" tests="2" name="TestingWithMaven.SeleniumTest" time="0.002" errors="0" timestamp="28 Apr 2019 19:49:08 GMT" skipped="0">
  <testcase classname="TestingWithMaven.SeleniumTest" name="Method5" time="0.001"/>
  <testcase classname="TestingWithMaven.SeleniumTest" name="Method6" time="0.001"/>
</testsuite> <!-- TestingWithMaven.SeleniumTest -->
