<?xml version="1.0" encoding="UTF-8"?>
<!-- Generated by org.testng.reporters.JUnitReportReporter -->
<testsuite hostname="DESKTOP-D3PS3F0" failures="0" tests="2" name="TestingWithMaven.AppiumTest" time="0.008" errors="0" timestamp="28 Apr 2019 19:49:08 GMT" skipped="0">
  <testcase classname="TestingWithMaven.AppiumTest" name="Method3" time="0.008"/>
  <testcase classname="TestingWithMaven.AppiumTest" name="Method4" time="0.000"/>
</testsuite> <!-- TestingWithMaven.AppiumTest -->
